[0.096s] Invoking command in '/home/light/ros2_ws/src/cpp_pubsub/build/cpp_pubsub': CMAKE_PREFIX_PATH=/opt/ros/humble /usr/bin/cmake --build /home/light/ros2_ws/src/cpp_pubsub/build/cpp_pubsub -- -j8 -l8
[0.178s] [35m[1mConsolidate compiler generated dependencies of target listener[0m
[0.216s] [ 75%] Built target talker
[0.216s] [ 75%] [32mBuilding CXX object CMakeFiles/listener.dir/src/subscriber_member_function.cpp.o[0m
[4.101s] [01m[K/home/light/ros2_ws/src/cpp_pubsub/src/subscriber_member_function.cpp:[m[K In member function â€˜[01m[Kvoid MinimalSubscriber::topic_callback(const Joy&) const[m[Kâ€™:
[4.101s] [01m[K/home/light/ros2_ws/src/cpp_pubsub/src/subscriber_member_function.cpp:49:29:[m[K [01;31m[Kerror: [m[Kinitializer fails to determine size of â€˜[01m[Kbuttons[m[Kâ€™
[4.101s]    49 |     int32_t buttons[] = [01;31m[Kmsg.buttons[m[K;
[4.101s]       |                         [01;31m[K~~~~^~~~~~~[m[K
[4.101s] [01m[K/home/light/ros2_ws/src/cpp_pubsub/src/subscriber_member_function.cpp:49:29:[m[K [01;31m[Kerror: [m[Karray must be initialized with a brace-enclosed initializer
[4.101s] [01m[K/home/light/ros2_ws/src/cpp_pubsub/src/subscriber_member_function.cpp:49:13:[m[K [01;35m[Kwarning: [m[Kunused variable â€˜[01m[Kbuttons[m[Kâ€™ [[01;35m[K]8;;https://gcc.gnu.org/onlinedocs/gcc/Warning-Options.html#index-Wunused-variable-Wunused-variable]8;;[m[K]
[4.101s]    49 |     int32_t [01;35m[Kbuttons[m[K[] = msg.buttons;
[4.102s]       |             [01;35m[K^~~~~~~[m[K
[8.166s] gmake[2]: *** [CMakeFiles/listener.dir/build.make:76: CMakeFiles/listener.dir/src/subscriber_member_function.cpp.o] Error 1
[8.166s] gmake[1]: *** [CMakeFiles/Makefile2:165: CMakeFiles/listener.dir/all] Error 2
[8.166s] gmake: *** [Makefile:146: all] Error 2
[8.171s] Invoked command in '/home/light/ros2_ws/src/cpp_pubsub/build/cpp_pubsub' returned '2': CMAKE_PREFIX_PATH=/opt/ros/humble /usr/bin/cmake --build /home/light/ros2_ws/src/cpp_pubsub/build/cpp_pubsub -- -j8 -l8
