[35m[1mConsolidate compiler generated dependencies of target listener[0m
[ 50%] Built target talker
[ 75%] [32mBuilding CXX object CMakeFiles/listener.dir/src/subscriber_member_function.cpp.o[0m
[01m[K/home/light/ros2_ws/src/cpp_pubsub/src/subscriber_member_function.cpp:[m[K In member function â€˜[01m[Kvoid MinimalSubscriber::topic_callback(const Joy&) const[m[Kâ€™:
[01m[K/home/light/ros2_ws/src/cpp_pubsub/src/subscriber_member_function.cpp:49:20:[m[K [01;31m[Kerror: [m[Kexpected initializer before â€˜[01m[K*[m[Kâ€™ token
   49 |     int32_t buttons[01;31m[K*[m[K = msg.buttons;
      |                    [01;31m[K^[m[K
[01m[K/home/light/ros2_ws/src/cpp_pubsub/src/subscriber_member_function.cpp:44:53:[m[K [01;35m[Kwarning: [m[Kunused parameter â€˜[01m[Kmsg[m[Kâ€™ [[01;35m[K]8;;https://gcc.gnu.org/onlinedocs/gcc/Warning-Options.html#index-Wunused-parameter-Wunused-parameter]8;;[m[K]
   44 |   void topic_callback([01;35m[Kconst sensor_msgs::msg::Joy & msg[m[K) const
      |                       [01;35m[K~~~~~~~~~~~~~~~~~~~~~~~~~~~~~~^~~[m[K
[01m[K/home/light/ros2_ws/src/cpp_pubsub/src/subscriber_member_function.cpp:[m[K At global scope:
[01m[K/home/light/ros2_ws/src/cpp_pubsub/src/subscriber_member_function.cpp:73:1:[m[K [01;31m[Kerror: [m[Kexpected unqualified-id before â€˜[01m[Kprivate[m[Kâ€™
   73 | [01;31m[Kprivate[m[K:
      | [01;31m[K^~~~~~~[m[K
[01m[K/home/light/ros2_ws/src/cpp_pubsub/src/subscriber_member_function.cpp:79:1:[m[K [01;31m[Kerror: [m[Kexpected declaration before â€˜[01m[K}[m[Kâ€™ token
   79 | [01;31m[K}[m[K;
      | [01;31m[K^[m[K
gmake[2]: *** [CMakeFiles/listener.dir/build.make:76: CMakeFiles/listener.dir/src/subscriber_member_function.cpp.o] Error 1
gmake[1]: *** [CMakeFiles/Makefile2:165: CMakeFiles/listener.dir/all] Error 2
gmake: *** [Makefile:146: all] Error 2
